<?xml version="1.0" encoding="UTF-8"?>
<testsuite xmlns:xsi="http://www.w3.org/2001/XMLSchema-instance" xsi:noNamespaceSchemaLocation="https://maven.apache.org/surefire/maven-surefire-plugin/xsd/surefire-test-report.xsd" name="fr.univavignon.pokedex.api.PokemonFactoryImplementationTest" time="0.062" tests="3" errors="0" skipped="0" failures="0">
  <properties>
    <property name="java.specification.version" value="21"/>
    <property name="sun.jnu.encoding" value="UTF-8"/>
    <property name="java.class.path" value="/Users/olfabre/Desktop/UNIVERSITE/MASTER1/ue tests/ceri-m1-techniques-de-test/target/test-classes:/Users/olfabre/Desktop/UNIVERSITE/MASTER1/ue tests/ceri-m1-techniques-de-test/target/classes:/Users/olfabre/.m2/repository/junit/junit/4.13.2/junit-4.13.2.jar:/Users/olfabre/.m2/repository/org/hamcrest/hamcrest-core/1.3/hamcrest-core-1.3.jar:/Users/olfabre/.m2/repository/org/mockito/mockito-core/3.12.4/mockito-core-3.12.4.jar:/Users/olfabre/.m2/repository/net/bytebuddy/byte-buddy/1.11.13/byte-buddy-1.11.13.jar:/Users/olfabre/.m2/repository/net/bytebuddy/byte-buddy-agent/1.11.13/byte-buddy-agent-1.11.13.jar:/Users/olfabre/.m2/repository/org/objenesis/objenesis/3.2/objenesis-3.2.jar:"/>
    <property name="java.vm.vendor" value="Oracle Corporation"/>
    <property name="sun.arch.data.model" value="64"/>
    <property name="java.vendor.url" value="https://java.oracle.com/"/>
    <property name="os.name" value="Mac OS X"/>
    <property name="java.vm.specification.version" value="21"/>
    <property name="sun.java.launcher" value="SUN_STANDARD"/>
    <property name="user.country" value="FR"/>
    <property name="sun.boot.library.path" value="/Users/olfabre/Library/Java/JavaVirtualMachines/openjdk-21.0.1/Contents/Home/lib"/>
    <property name="sun.java.command" value="/Users/olfabre/Desktop/UNIVERSITE/MASTER1/ue tests/ceri-m1-techniques-de-test/target/surefire/surefirebooter9244435795590274959.jar /Users/olfabre/Desktop/UNIVERSITE/MASTER1/ue tests/ceri-m1-techniques-de-test/target/surefire 2024-12-02T10-10-06_878-jvmRun1 surefire5238447283745747668tmp surefire_04276560672105949391tmp"/>
    <property name="http.nonProxyHosts" value="local|*.local|169.254/16|*.169.254/16"/>
    <property name="jdk.debug" value="release"/>
    <property name="surefire.test.class.path" value="/Users/olfabre/Desktop/UNIVERSITE/MASTER1/ue tests/ceri-m1-techniques-de-test/target/test-classes:/Users/olfabre/Desktop/UNIVERSITE/MASTER1/ue tests/ceri-m1-techniques-de-test/target/classes:/Users/olfabre/.m2/repository/junit/junit/4.13.2/junit-4.13.2.jar:/Users/olfabre/.m2/repository/org/hamcrest/hamcrest-core/1.3/hamcrest-core-1.3.jar:/Users/olfabre/.m2/repository/org/mockito/mockito-core/3.12.4/mockito-core-3.12.4.jar:/Users/olfabre/.m2/repository/net/bytebuddy/byte-buddy/1.11.13/byte-buddy-1.11.13.jar:/Users/olfabre/.m2/repository/net/bytebuddy/byte-buddy-agent/1.11.13/byte-buddy-agent-1.11.13.jar:/Users/olfabre/.m2/repository/org/objenesis/objenesis/3.2/objenesis-3.2.jar:"/>
    <property name="sun.cpu.endian" value="little"/>
    <property name="user.home" value="/Users/olfabre"/>
    <property name="user.language" value="fr"/>
    <property name="java.specification.vendor" value="Oracle Corporation"/>
    <property name="java.version.date" value="2023-10-17"/>
    <property name="java.home" value="/Users/olfabre/Library/Java/JavaVirtualMachines/openjdk-21.0.1/Contents/Home"/>
    <property name="file.separator" value="/"/>
    <property name="basedir" value="/Users/olfabre/Desktop/UNIVERSITE/MASTER1/ue tests/ceri-m1-techniques-de-test"/>
    <property name="java.vm.compressedOopsMode" value="Zero based"/>
    <property name="line.separator" value="&#10;"/>
    <property name="java.vm.specification.vendor" value="Oracle Corporation"/>
    <property name="java.specification.name" value="Java Platform API Specification"/>
    <property name="apple.awt.application.name" value="ForkedBooter"/>
    <property name="surefire.real.class.path" value="/Users/olfabre/Desktop/UNIVERSITE/MASTER1/ue tests/ceri-m1-techniques-de-test/target/surefire/surefirebooter9244435795590274959.jar"/>
    <property name="sun.management.compiler" value="HotSpot 64-Bit Tiered Compilers"/>
    <property name="ftp.nonProxyHosts" value="local|*.local|169.254/16|*.169.254/16"/>
    <property name="java.runtime.version" value="21.0.1+12-29"/>
    <property name="user.name" value="olfabre"/>
    <property name="stdout.encoding" value="UTF-8"/>
    <property name="path.separator" value=":"/>
    <property name="os.version" value="10.15.7"/>
    <property name="java.runtime.name" value="OpenJDK Runtime Environment"/>
    <property name="file.encoding" value="UTF-8"/>
    <property name="java.vm.name" value="OpenJDK 64-Bit Server VM"/>
    <property name="localRepository" value="/Users/olfabre/.m2/repository"/>
    <property name="java.vendor.url.bug" value="https://bugreport.java.com/bugreport/"/>
    <property name="java.io.tmpdir" value="/var/folders/1t/5rpmyh7x4297n35c51y2zb840000gn/T/"/>
    <property name="idea.version" value="2024.2.4"/>
    <property name="java.version" value="21.0.1"/>
    <property name="user.dir" value="/Users/olfabre/Desktop/UNIVERSITE/MASTER1/ue tests/ceri-m1-techniques-de-test"/>
    <property name="os.arch" value="x86_64"/>
    <property name="java.vm.specification.name" value="Java Virtual Machine Specification"/>
    <property name="native.encoding" value="UTF-8"/>
    <property name="java.library.path" value="/Users/olfabre/Library/Java/Extensions:/Library/Java/Extensions:/Network/Library/Java/Extensions:/System/Library/Java/Extensions:/usr/lib/java:."/>
    <property name="java.vm.info" value="mixed mode, sharing"/>
    <property name="stderr.encoding" value="UTF-8"/>
    <property name="java.vendor" value="Oracle Corporation"/>
    <property name="java.vm.version" value="21.0.1+12-29"/>
    <property name="sun.io.unicode.encoding" value="UnicodeBig"/>
    <property name="socksNonProxyHosts" value="local|*.local|169.254/16|*.169.254/16"/>
    <property name="java.class.version" value="65.0"/>
  </properties>
  <testcase name="testCreatePokemonWithInvalidIndex" classname="fr.univavignon.pokedex.api.PokemonFactoryImplementationTest" time="0.029"/>
  <testcase name="testCreatePokemon" classname="fr.univavignon.pokedex.api.PokemonFactoryImplementationTest" time="0.004"/>
  <testcase name="testCreatePokemonWithInvalidCp" classname="fr.univavignon.pokedex.api.PokemonFactoryImplementationTest" time="0.007"/>
</testsuite>